<?xml version="1.0" encoding="UTF-8"?>
<!-- Generated by org.testng.reporters.JUnitXMLReporter -->
<testsuite hostname="jarvis" ignored="0" name="Default test" tests="3" failures="0" timestamp="20 Dec 2020 06:14:30 GMT" time="17.804" errors="0">
  <testcase name="testRadioAndCheckBox" time="6.404" classname="test.TestMultipleTypeWebElement"/>
  <testcase name="testRadioAndCheckBox" time="5.765" classname="test.TestMultipleTypeWebElement"/>
  <testcase name="testRadioAndCheckBox" time="5.616" classname="test.TestMultipleTypeWebElement"/>
</testsuite> <!-- Default test -->
