<?xml version="1.0" encoding="UTF-8"?>
<!-- Generated by org.testng.reporters.JUnitXMLReporter -->
<testsuite hostname="jarvis" ignored="0" name="Default test" tests="4" failures="0" timestamp="19 Dec 2020 06:09:07 GMT" time="0.042" errors="0">
  <testcase name="deleteUser" time="0.011" classname="test.TestInvocationCountParameter"/>
  <testcase name="login" time="0.002" classname="test.TestInvocationCountParameter"/>
  <testcase name="login" time="0.001" classname="test.TestInvocationCountParameter"/>
  <testcase name="register" time="0.002" classname="test.TestInvocationCountParameter"/>
</testsuite> <!-- Default test -->
