<?xml version="1.0" encoding="UTF-8"?>
<!-- Generated by org.testng.reporters.JUnitXMLReporter -->
<testsuite hostname="jarvis" ignored="0" name="Test" tests="4" failures="0" timestamp="20 Dec 2020 06:18:59 GMT" time="22.736" errors="0">
  <testcase name="testRadioAndCheckBox" time="6.396" classname="test1.TestMultipleTypeWebElement"/>
  <testcase name="testRadioAndCheckBox" time="5.701" classname="test1.TestMultipleTypeWebElement"/>
  <testcase name="testRadioAndCheckBox" time="5.563" classname="test1.TestMultipleTypeWebElement"/>
  <testcase name="locatorsAnnotations" time="5.058" classname="test1.TestAnnotationsLoactors"/>
</testsuite> <!-- Test -->
