<?xml version="1.0" encoding="UTF-8"?>
<testng-results skipped="0" failed="0" ignored="0" total="4" passed="4">
  <reporter-output>
  </reporter-output>
  <suite name="Suite" duration-ms="22736" started-at="2020-12-20T06:18:36Z" finished-at="2020-12-20T06:18:59Z">
    <groups>
    </groups>
    <test name="Test" duration-ms="22736" started-at="2020-12-20T06:18:36Z" finished-at="2020-12-20T06:18:59Z">
      <class name="test1.TestAnnotationsLoactors">
        <test-method status="PASS" signature="locatorsAnnotations()[pri:0, instance:test1.TestAnnotationsLoactors@3532ec19]" name="locatorsAnnotations" duration-ms="5058" started-at="2020-12-20T11:48:54Z" finished-at="2020-12-20T11:48:59Z">
          <reporter-output>
          </reporter-output>
        </test-method> <!-- locatorsAnnotations -->
      </class> <!-- test1.TestAnnotationsLoactors -->
      <class name="test1.TestMultipleTypeWebElement">
        <test-method status="PASS" signature="testRadioAndCheckBox()[pri:0, instance:test1.TestMultipleTypeWebElement@3ffc5af1]" name="testRadioAndCheckBox" duration-ms="6396" started-at="2020-12-20T11:48:36Z" finished-at="2020-12-20T11:48:42Z">
          <reporter-output>
          </reporter-output>
        </test-method> <!-- testRadioAndCheckBox -->
        <test-method status="PASS" signature="testRadioAndCheckBox()[pri:0, instance:test1.TestMultipleTypeWebElement@3ffc5af1]" name="testRadioAndCheckBox" duration-ms="5701" started-at="2020-12-20T11:48:42Z" finished-at="2020-12-20T11:48:48Z">
          <reporter-output>
          </reporter-output>
        </test-method> <!-- testRadioAndCheckBox -->
        <test-method status="PASS" signature="testRadioAndCheckBox()[pri:0, instance:test1.TestMultipleTypeWebElement@3ffc5af1]" name="testRadioAndCheckBox" duration-ms="5563" started-at="2020-12-20T11:48:48Z" finished-at="2020-12-20T11:48:54Z">
          <reporter-output>
          </reporter-output>
        </test-method> <!-- testRadioAndCheckBox -->
      </class> <!-- test1.TestMultipleTypeWebElement -->
    </test> <!-- Test -->
  </suite> <!-- Suite -->
</testng-results>
